<?xml version="1.0" encoding="UTF-8"?>
<!-- Generated by org.testng.reporters.JUnitReportReporter -->
<testsuite hostname="LAPTOP-GA4HMSSR" failures="0" tests="6" name="com.fb.qa.test.LoginPageTest" time="42.839" errors="0" timestamp="2022-08-17T00:00:22 IST" skipped="0">
  <testcase classname="com.fb.qa.test.LoginPageTest" name="LoginPageTitle" time="4.268"/>
  <system-out/>
  <testcase classname="com.fb.qa.test.LoginPageTest" name="fbLogoImageTest" time="3.943"/>
  <system-out/>
  <testcase classname="com.fb.qa.test.LoginPageTest" name="loginTest" time="8.061"/>
  <system-out/>
  <testcase classname="com.fb.qa.test.LoginPageTest" name="multipleLoginTest" time="10.100"/>
  <system-out/>
  <testcase classname="com.fb.qa.test.LoginPageTest" name="multipleLoginTest" time="7.668"/>
  <system-out/>
  <testcase classname="com.fb.qa.test.LoginPageTest" name="multipleLoginTest" time="8.799"/>
  <system-out/>
</testsuite> <!-- com.fb.qa.test.LoginPageTest -->
