<?xml version="1.0" encoding="UTF-8"?>
<!-- Generated by org.testng.reporters.JUnitReportReporter -->
<testsuite hostname="LAPTOP-GA4HMSSR" failures="0" tests="1" name="com.fb.qa.test.SignUpPageTest" time="6.560" errors="0" timestamp="2022-08-17T00:00:22 IST" skipped="0">
  <testcase classname="com.fb.qa.test.SignUpPageTest" name="createNewAccountTest" time="6.560"/>
  <system-out/>
</testsuite> <!-- com.fb.qa.test.SignUpPageTest -->
